app/build/outputs/logs/manifest-merger-debug-report.txt
-- Merging decision tree log ---
manifest
ADDED from src/main/AndroidManifest.xml:2:1-36:12
	package
		ADDED from src/main/AndroidManifest.xml:3:5-37
		INJECTED from src/main/AndroidManifest.xml
		INJECTED from src/main/AndroidManifest.xml
	android:versionName
		ADDED from src/main/AndroidManifest.xml:5:5-30
		INJECTED from src/main/AndroidManifest.xml
		INJECTED from src/main/AndroidManifest.xml
	android:versionCode
		ADDED from src/main/AndroidManifest.xml:4:5-28
		INJECTED from src/main/AndroidManifest.xml
		INJECTED from src/main/AndroidManifest.xml
	xmlns:android
		ADDED from src/main/AndroidManifest.xml:2:11-69
uses-sdk
ADDED from src/main/AndroidManifest.xml:7:5-9:41
	android:targetSdkVersion
		ADDED from src/main/AndroidManifest.xml:9:9-38
		INJECTED from src/main/AndroidManifest.xml
		INJECTED from src/main/AndroidManifest.xml
	android:minSdkVersion
		ADDED from src/main/AndroidManifest.xml:8:9-34
		INJECTED from src/main/AndroidManifest.xml
		INJECTED from src/main/AndroidManifest.xml
uses-permission#android.permission.GET_ACCOUNTS
ADDED from src/main/AndroidManifest.xml:12:5-71
	android:name
		ADDED from src/main/AndroidManifest.xml:12:22-68
uses-permission#android.permission.READ_PROFILE
ADDED from src/main/AndroidManifest.xml:13:5-71
	android:name
		ADDED from src/main/AndroidManifest.xml:13:22-68
uses-permission#android.permission.READ_CONTACTS
ADDED from src/main/AndroidManifest.xml:14:5-72
	android:name
		ADDED from src/main/AndroidManifest.xml:14:22-69
uses-permission#android.permission.INTERNET
ADDED from src/main/AndroidManifest.xml:15:5-67
	android:name
		ADDED from src/main/AndroidManifest.xml:15:22-64
application
ADDED from src/main/AndroidManifest.xml:17:5-34:19
	android:label
		ADDED from src/main/AndroidManifest.xml:20:9-41
	android:allowBackup
		ADDED from src/main/AndroidManifest.xml:18:9-35
	android:icon
		ADDED from src/main/AndroidManifest.xml:19:9-45
	android:theme
		ADDED from src/main/AndroidManifest.xml:21:9-40
activity#com.xuzh.demowebviewjs.LoginActivity
ADDED from src/main/AndroidManifest.xml:22:9-24:69
	android:label
		ADDED from src/main/AndroidManifest.xml:24:13-57
	android:name
		ADDED from src/main/AndroidManifest.xml:23:13-42
activity#com.xuzh.demowebviewjs.MainActivity
ADDED from src/main/AndroidManifest.xml:25:9-33:20
	android:label
		ADDED from src/main/AndroidManifest.xml:27:13-45
	android:name
		ADDED from src/main/AndroidManifest.xml:26:13-41
intent-filter#android.intent.action.MAIN+android.intent.category.LAUNCHER
ADDED from src/main/AndroidManifest.xml:28:13-32:29
action#android.intent.action.MAIN
ADDED from src/main/AndroidManifest.xml:29:17-69
	android:name
		ADDED from src/main/AndroidManifest.xml:29:25-66
category#android.intent.category.LAUNCHER
ADDED from src/main/AndroidManifest.xml:31:17-77
	android:name
		ADDED from src/main/AndroidManifest.xml:31:27-74